Added Component: Designator=U15(QFN24_3x3)
Add component (AddParameter): Name = "HelpURL"; Value = "https://datasheet.octopart.com/ICM-20948-InvenSense-datasheet-115290367.pdf"; VariantName = "[No Variations]"
Add component (AddParameter): Name = "Manufacturer"; Value = "TDK"; VariantName = "[No Variations]"
Add component (AddParameter): Name = "Manufacturer Part Number"; Value = "ICM-20948"; VariantName = "[No Variations]"
Add component (AddParameter): Name = "Part Number"; Value = "U_ICM-20948"; VariantName = "[No Variations]"
Add component (AddParameter): Name = "SCH_Footprint"; Value = "QFN24"; VariantName = "[No Variations]"
Add component (AddParameter): Name = "Supplier 1"; Value = "TME"; VariantName = "[No Variations]"
Add component (AddParameter): Name = "Supplier 2"; Value = "RS Components"; VariantName = "[No Variations]"
Add component (AddParameter): Name = "Supplier 3"; Value = "Farnell"; VariantName = "[No Variations]"
Add component (AddParameter): Name = "Supplier 4"; Value = "Mouser"; VariantName = "[No Variations]"
Add component (AddParameter): Name = "Supplier 5"; Value = "Digi-Key"; VariantName = "[No Variations]"
Add component (AddParameter): Name = "Supplier 6"; Value = "LCSC"; VariantName = "[No Variations]"
Add component (AddParameter): Name = "Supplier 7"; Value = ""; VariantName = "[No Variations]"
Add component (AddParameter): Name = "Supplier Part Number 1"; Value = ""; VariantName = "[No Variations]"
Add component (AddParameter): Name = "Supplier Part Number 2"; Value = ""; VariantName = "[No Variations]"
Add component (AddParameter): Name = "Supplier Part Number 3"; Value = "2911498"; VariantName = "[No Variations]"
Add component (AddParameter): Name = "Supplier Part Number 4"; Value = "410-ICM-20948"; VariantName = "[No Variations]"
Add component (AddParameter): Name = "Supplier Part Number 5"; Value = "1428-1123-1-ND"; VariantName = "[No Variations]"
Add component (AddParameter): Name = "Supplier Part Number 6"; Value = ""; VariantName = "[No Variations]"
Add component (AddParameter): Name = "Supplier Part Number 7"; Value = ""; VariantName = "[No Variations]"
Add component (AddParameter): Name = "Value"; Value = "ICM-20948"; VariantName = "[No Variations]"
Added Pin To Net: NetName=+1.8V Pin=U15-8
Added Pin To Net: NetName=GND Pin=U15-9
Added Pin To Net: NetName=GND Pin=U15-11
Added Pin To Net: NetName=NetU7_55 Pin=U15-12
Added Pin To Net: NetName=NetC44_1 Pin=U15-13
Added Pin To Net: NetName=GND Pin=U15-18
Added Pin To Net: NetName=GND Pin=U15-20
Added Pin To Net: NetName=NetC46_1 Pin=C46-1
Added Pin To Net: NetName=NetC46_1 Pin=U15-10
Added Net: Name=NetC46_1
Added Pin To Net: NetName=NetU15_23 Pin=U15-23
Added Pin To Net: NetName=NetU15_23 Pin=U19-5
Added Net: Name=NetU15_23
Added Pin To Net: NetName=NetU15_24 Pin=U15-24
Added Pin To Net: NetName=NetU15_24 Pin=U19-4
Added Net: Name=NetU15_24
Added Member To Class: ClassName=U_IMU Member=Component U15 9-Axis MEMS MotionTracking Device
