Removed Pin From Net: NetName=GND Pin=C65-2
Removed Pin From Net: NetName=NetJ6_5 Pin=U18-1
Removed Pin From Net: NetName=NetU7_30 Pin=U18-4
Removed Pin From Net: NetName=NetU7_29 Pin=U18-5
Removed Pin From Net: NetName=NetJ6_4 Pin=U18-8
Removed Member From Class: ClassName=U_CPU Member=C65
Added Component: Designator=C?(C_0603_1608)
Add component (AddParameter): Name = "Dielectric"; Value = "X5R"; VariantName = "[No Variations]"
Add component (AddParameter): Name = "HelpURL"; Value = "http://www.tme.eu/pl/Document/4a42202b32dab16128fe107dd69598cc/samsung-chip-cap.pdf"; VariantName = "[No Variations]"
Add component (AddParameter): Name = "Manufacturer"; Value = "Samsung Electro-Mechanics"; VariantName = "[No Variations]"
Add component (AddParameter): Name = "Manufacturer Part Number"; Value = "CL10A106MO8NQNC"; VariantName = "[No Variations]"
Add component (AddParameter): Name = "Part Number"; Value = "C_10uF_16V_X5R_0603_20"; VariantName = "[No Variations]"
Add component (AddParameter): Name = "SCH_Footprint"; Value = "0603"; VariantName = "[No Variations]"
Add component (AddParameter): Name = "Supplier 1"; Value = "TME"; VariantName = "[No Variations]"
Add component (AddParameter): Name = "Supplier 2"; Value = "RS Components"; VariantName = "[No Variations]"
Add component (AddParameter): Name = "Supplier 3"; Value = "Farnell"; VariantName = "[No Variations]"
Add component (AddParameter): Name = "Supplier 4"; Value = "Mouser"; VariantName = "[No Variations]"
Add component (AddParameter): Name = "Supplier 5"; Value = "Digi-Key"; VariantName = "[No Variations]"
Add component (AddParameter): Name = "Supplier 6"; Value = "LCSC"; VariantName = "[No Variations]"
Add component (AddParameter): Name = "Supplier 7"; Value = ""; VariantName = "[No Variations]"
Add component (AddParameter): Name = "Supplier Part Number 1"; Value = "CL10A106MO8NQNC"; VariantName = "[No Variations]"
Add component (AddParameter): Name = "Supplier Part Number 2"; Value = ""; VariantName = "[No Variations]"
Add component (AddParameter): Name = "Supplier Part Number 3"; Value = ""; VariantName = "[No Variations]"
Add component (AddParameter): Name = "Supplier Part Number 4"; Value = ""; VariantName = "[No Variations]"
Add component (AddParameter): Name = "Supplier Part Number 5"; Value = ""; VariantName = "[No Variations]"
Add component (AddParameter): Name = "Supplier Part Number 6"; Value = ""; VariantName = "[No Variations]"
Add component (AddParameter): Name = "Supplier Part Number 7"; Value = ""; VariantName = "[No Variations]"
Add component (AddParameter): Name = "Tolerance (%)"; Value = "20"; VariantName = "[No Variations]"
Add component (AddParameter): Name = "Value"; Value = "10uF"; VariantName = "[No Variations]"
Add component (AddParameter): Name = "Voltage"; Value = "16V"; VariantName = "[No Variations]"
Added Pin To Net: NetName=GND Pin=C?-2
Added Pin To Net: NetName=NetJ6_4 Pin=U18-1
Added Pin To Net: NetName=NetU7_29 Pin=U18-4
Added Pin To Net: NetName=NetU7_30 Pin=U18-5
Added Pin To Net: NetName=NetJ6_5 Pin=U18-8
Added Pin To Net: NetName=NetC?_1 Pin=C?-1
Added Pin To Net: NetName=NetC?_1 Pin=U7-31
Added Net: Name=NetC?_1
Added Member To Class: ClassName=U_CPU Member=Component C? Ceramic X5R
