Removed Pin From Net: NetName=+3V3 Pin=P4-3
Removed Pin From Net: NetName=GND Pin=P4-6
Removed Pin From Net: NetName=+3V3 Pin=P5-3
Removed Pin From Net: NetName=GND Pin=P5-6
Removed Pin From Net: NetName=NetP4_4 Pin=U7-56
Removed Pin From Net: NetName=NetP4_2 Pin=U8-5
Removed Member From Class: ClassName=U_Motor Driver Member=P5
Change Component Footprint: Designator=P4 Old Footprint=P_HEADER_1x6_2.54_ANGLE New Footprint=P_HEADER_2x6_2.54
Change Component Comment : Designator=P4 Old Comment=Goldpin New Comment=Goldpin male
Change component parameters: Designator = "P4" ("P4"); Footprint = "P_HEADER_1x6_2.54_ANGLE"; UniqueID = "\JFKBBYGN\COTDTYCV" ("\JFKBBYGN\COTDTYCV")
Change component parameters (AddParameter): Name = "HelpURL"; Value = "https://www.tme.eu/Document/cc301e58a5da78cb543a94b5a5b7f06a/DS1021.pdf"; VariantName = "[No Variations]"
Change component parameters (AddParameter): Name = "Manufacturer"; Value = "Connfly"; VariantName = "[No Variations]"
Change component parameters (AddParameter): Name = "Manufacturer Part Number"; Value = "DS1021-2*6SF11"; VariantName = "[No Variations]"
Change component parameters (AddParameter): Name = "Part Number"; Value = "P_HEADER_2x6_2.54"; VariantName = "[No Variations]"
Change component parameters (AddParameter): Name = "SCH_Footprint"; Value = "2x6 2.54mm"; VariantName = "[No Variations]"
Change component parameters (AddParameter): Name = "Supplier 1"; Value = "TME"; VariantName = "[No Variations]"
Change component parameters (AddParameter): Name = "Supplier 2"; Value = "RS Components"; VariantName = "[No Variations]"
Change component parameters (AddParameter): Name = "Supplier 3"; Value = "Farnell"; VariantName = "[No Variations]"
Change component parameters (AddParameter): Name = "Supplier 4"; Value = "Mouser"; VariantName = "[No Variations]"
Change component parameters (AddParameter): Name = "Supplier 5"; Value = "Digi-Key"; VariantName = "[No Variations]"
Change component parameters (AddParameter): Name = "Supplier 6"; Value = "LCSC"; VariantName = "[No Variations]"
Change component parameters (AddParameter): Name = "Supplier 7"; Value = ""; VariantName = "[No Variations]"
Change component parameters (AddParameter): Name = "Supplier Part Number 1"; Value = "ZL202-12G"; VariantName = "[No Variations]"
Change component parameters (AddParameter): Name = "Supplier Part Number 2"; Value = ""; VariantName = "[No Variations]"
Change component parameters (AddParameter): Name = "Supplier Part Number 3"; Value = ""; VariantName = "[No Variations]"
Change component parameters (AddParameter): Name = "Supplier Part Number 4"; Value = ""; VariantName = "[No Variations]"
Change component parameters (AddParameter): Name = "Supplier Part Number 5"; Value = ""; VariantName = "[No Variations]"
Change component parameters (AddParameter): Name = "Supplier Part Number 6"; Value = ""; VariantName = "[No Variations]"
Change component parameters (AddParameter): Name = "Supplier Part Number 7"; Value = ""; VariantName = "[No Variations]"
Change component parameters (AddParameter): Name = "Value"; Value = "DS1021-2*6SF11"; VariantName = "[No Variations]"
Added Pin To Net: NetName=+3V3 Pin=P4-5
Added Pin To Net: NetName=+3V3 Pin=P4-6
Added Pin To Net: NetName=GND Pin=P4-11
Added Pin To Net: NetName=GND Pin=P4-12
Added Pin To Net: NetName=NetP4_4 Pin=U8-2
Added Pin To Net: NetName=NetP4_2 Pin=U8-4
Added Pin To Net: NetName=NetP4_3 Pin=P4-3
Added Pin To Net: NetName=NetP4_3 Pin=U8-5
Added Net: Name=NetP4_3
Added Pin To Net: NetName=NetP4_7 Pin=P4-7
Added Pin To Net: NetName=NetP4_7 Pin=U7-56
Added Net: Name=NetP4_7
Added Pin To Net: NetName=NetP4_8 Pin=P4-8
Added Pin To Net: NetName=NetP4_8 Pin=U7-58
Added Net: Name=NetP4_8
Added Pin To Net: NetName=NetP4_9 Pin=P4-9
Added Pin To Net: NetName=NetP4_9 Pin=U7-57
Added Net: Name=NetP4_9
Added Pin To Net: NetName=NetP4_10 Pin=P4-10
Added Pin To Net: NetName=NetP4_10 Pin=U7-59
Added Net: Name=NetP4_10
